<?xml version="1.0" encoding="UTF-8"?>
<!-- Generated by org.testng.reporters.JUnitXMLReporter -->
<testsuite ignored="0" hostname="Prasath17" failures="0" tests="4" name="Default test" time="20.204" errors="0" timestamp="16 Jul 2024 03:06:40 GMT">
  <testcase classname="prasath.Testcase.Test_Excel" name="LoginErrorValidation" time="0.395"/>
  <testcase classname="prasath.Testcase.Test_Excel" name="LoginErrorValidation" time="0.371"/>
  <testcase classname="prasath.Testcase.Test_Excel" name="LoginErrorValidation" time="0.358"/>
  <testcase classname="prasath.Testcase.Test_Excel" name="LoginErrorValidation" time="0.298"/>
</testsuite> <!-- Default test -->
