<?xml version="1.0" encoding="UTF-8"?>
<!-- Generated by org.testng.reporters.JUnitXMLReporter -->
<testsuite ignored="0" hostname="Prasath17" failures="0" tests="2" name="ErrorValidationsTest" time="10.762" errors="0" timestamp="15 Jul 2024 10:34:10 GMT">
  <testcase classname="prasath.Testcase.ErrorValidationsTest" name="LoginErrorValidation" time="0.508"/>
  <testcase classname="prasath.Testcase.ErrorValidationsTest" name="ProductErrorValidation" time="2.001"/>
</testsuite> <!-- ErrorValidationsTest -->
