<?xml version="1.0" encoding="UTF-8"?>
<!-- Generated by org.testng.reporters.JUnitXMLReporter -->
<testsuite ignored="1" hostname="Prasath17" failures="0" tests="1" name="Error Validations Test" time="5.101" errors="0" timestamp="15 Jul 2024 10:32:29 GMT">
  <testcase classname="prasath.Testcase.ErrorValidationsTest" name="LoginErrorValidation" time="0.366"/>
  <testcase classname="prasath.Testcase.ErrorValidationsTest" name="ProductErrorValidation" time="0.0">
    <ignored/>
  </testcase> <!-- ProductErrorValidation -->
</testsuite> <!-- Error Validations Test -->
