<?xml version="1.0" encoding="UTF-8"?>
<!-- Generated by org.testng.reporters.JUnitXMLReporter -->
<testsuite ignored="0" hostname="Prasath17" failures="0" tests="3" name="Submit Order Test" time="17.057" errors="0" timestamp="15 Jul 2024 10:34:16 GMT">
  <testcase classname="prasath.Testcase.SubmitOrderTest" name="submitOrder" time="3.027"/>
  <testcase classname="prasath.Testcase.SubmitOrderTest" name="submitOrder" time="3.017"/>
  <testcase classname="prasath.Testcase.SubmitOrderTest" name="OrderHistoryTest" time="0.539"/>
</testsuite> <!-- Submit Order Test -->
