<?xml version="1.0" encoding="UTF-8"?>
<testng-results ignored="0" total="4" passed="4" failed="0" skipped="0">
  <reporter-output>
  </reporter-output>
  <suite started-at="2024-07-16T03:06:20Z" name="Default suite" finished-at="2024-07-16T03:06:40Z" duration-ms="20204">
    <groups>
    </groups>
    <test started-at="2024-07-16T03:06:20Z" name="Default test" finished-at="2024-07-16T03:06:40Z" duration-ms="20204">
      <class name="prasath.Testcase.Test_Excel">
        <test-method is-config="true" signature="launchApplication()[pri:0, instance:prasath.Testcase.Test_Excel@6b09fb41]" started-at="2024-07-16T03:06:21Z" name="launchApplication" finished-at="2024-07-16T03:06:27Z" duration-ms="6389" status="PASS">
          <reporter-output>
          </reporter-output>
        </test-method> <!-- launchApplication -->
        <test-method signature="LoginErrorValidation(java.lang.String, java.lang.String)[pri:0, instance:prasath.Testcase.Test_Excel@6b09fb41]" started-at="2024-07-16T03:06:27Z" name="LoginErrorValidation" data-provider="LoginData" finished-at="2024-07-16T03:06:28Z" duration-ms="395" status="PASS">
          <params>
            <param index="0">
              <value>
                <![CDATA[prasath111@gmail.com]]>
              </value>
            </param>
            <param index="1">
              <value>
                <![CDATA[Prasath111@gmail]]>
              </value>
            </param>
          </params>
          <reporter-output>
          </reporter-output>
        </test-method> <!-- LoginErrorValidation -->
        <test-method is-config="true" signature="tearDown()[pri:0, instance:prasath.Testcase.Test_Excel@6b09fb41]" started-at="2024-07-16T03:06:28Z" name="tearDown" finished-at="2024-07-16T03:06:28Z" duration-ms="142" status="PASS">
          <reporter-output>
          </reporter-output>
        </test-method> <!-- tearDown -->
        <test-method is-config="true" signature="launchApplication()[pri:0, instance:prasath.Testcase.Test_Excel@6b09fb41]" started-at="2024-07-16T03:06:28Z" name="launchApplication" finished-at="2024-07-16T03:06:31Z" duration-ms="3570" status="PASS">
          <reporter-output>
          </reporter-output>
        </test-method> <!-- launchApplication -->
        <test-method signature="LoginErrorValidation(java.lang.String, java.lang.String)[pri:0, instance:prasath.Testcase.Test_Excel@6b09fb41]" started-at="2024-07-16T03:06:31Z" name="LoginErrorValidation" data-provider="LoginData" finished-at="2024-07-16T03:06:32Z" duration-ms="371" status="PASS">
          <params>
            <param index="0">
              <value>
                <![CDATA[prasath222@gmail.com]]>
              </value>
            </param>
            <param index="1">
              <value>
                <![CDATA[Prasath222@gmail]]>
              </value>
            </param>
          </params>
          <reporter-output>
          </reporter-output>
        </test-method> <!-- LoginErrorValidation -->
        <test-method is-config="true" signature="tearDown()[pri:0, instance:prasath.Testcase.Test_Excel@6b09fb41]" started-at="2024-07-16T03:06:32Z" name="tearDown" finished-at="2024-07-16T03:06:32Z" duration-ms="117" status="PASS">
          <reporter-output>
          </reporter-output>
        </test-method> <!-- tearDown -->
        <test-method is-config="true" signature="launchApplication()[pri:0, instance:prasath.Testcase.Test_Excel@6b09fb41]" started-at="2024-07-16T03:06:32Z" name="launchApplication" finished-at="2024-07-16T03:06:35Z" duration-ms="3295" status="PASS">
          <reporter-output>
          </reporter-output>
        </test-method> <!-- launchApplication -->
        <test-method signature="LoginErrorValidation(java.lang.String, java.lang.String)[pri:0, instance:prasath.Testcase.Test_Excel@6b09fb41]" started-at="2024-07-16T03:06:35Z" name="LoginErrorValidation" data-provider="LoginData" finished-at="2024-07-16T03:06:36Z" duration-ms="358" status="PASS">
          <params>
            <param index="0">
              <value>
                <![CDATA[prasathrsacademy@gmail.com]]>
              </value>
            </param>
            <param index="1">
              <value>
                <![CDATA[Rsacademy@23]]>
              </value>
            </param>
          </params>
          <reporter-output>
          </reporter-output>
        </test-method> <!-- LoginErrorValidation -->
        <test-method is-config="true" signature="tearDown()[pri:0, instance:prasath.Testcase.Test_Excel@6b09fb41]" started-at="2024-07-16T03:06:36Z" name="tearDown" finished-at="2024-07-16T03:06:36Z" duration-ms="131" status="PASS">
          <reporter-output>
          </reporter-output>
        </test-method> <!-- tearDown -->
        <test-method is-config="true" signature="launchApplication()[pri:0, instance:prasath.Testcase.Test_Excel@6b09fb41]" started-at="2024-07-16T03:06:36Z" name="launchApplication" finished-at="2024-07-16T03:06:39Z" duration-ms="3751" status="PASS">
          <reporter-output>
          </reporter-output>
        </test-method> <!-- launchApplication -->
        <test-method signature="LoginErrorValidation(java.lang.String, java.lang.String)[pri:0, instance:prasath.Testcase.Test_Excel@6b09fb41]" started-at="2024-07-16T03:06:39Z" name="LoginErrorValidation" data-provider="LoginData" finished-at="2024-07-16T03:06:40Z" duration-ms="298" status="PASS">
          <params>
            <param index="0">
              <value>
                <![CDATA[]]>
              </value>
            </param>
            <param index="1">
              <value>
                <![CDATA[]]>
              </value>
            </param>
          </params>
          <reporter-output>
          </reporter-output>
        </test-method> <!-- LoginErrorValidation -->
        <test-method is-config="true" signature="tearDown()[pri:0, instance:prasath.Testcase.Test_Excel@6b09fb41]" started-at="2024-07-16T03:06:40Z" name="tearDown" finished-at="2024-07-16T03:06:40Z" duration-ms="119" status="PASS">
          <reporter-output>
          </reporter-output>
        </test-method> <!-- tearDown -->
      </class> <!-- prasath.Testcase.Test_Excel -->
    </test> <!-- Default test -->
  </suite> <!-- Default suite -->
</testng-results>
